Compilation failed:
    source file: '/Users/salim/Desktop/PFE/M2/pfe-main/citrus-skins-main/cmake/opencv/cmake/checks/cpu_popcnt.cpp'
    check option: ''
===== BUILD LOG =====
Change Dir: '/Users/salim/Desktop/PFE/M2/pfe-main/citrus-skins-main/cmake/build_opencv/CMakeFiles/CMakeTmp'

Run Build Command(s): /Users/salim/Desktop/PFE/M2/3d-nii-visualizer/venv/lib/python3.9/site-packages/cmake/data/bin/cmake -E env VERBOSE=1 /usr/bin/make -f Makefile cmTC_982b0/fast
/Library/Developer/CommandLineTools/usr/bin/make  -f CMakeFiles/cmTC_982b0.dir/build.make CMakeFiles/cmTC_982b0.dir/build
Building CXX object CMakeFiles/cmTC_982b0.dir/cpu_popcnt.cpp.o
/Library/Developer/CommandLineTools/usr/bin/c++   -O3 -DNDEBUG -std=c++11 -arch x86_64 -isysroot /Library/Developer/CommandLineTools/SDKs/MacOSX14.2.sdk -fPIE -MD -MT CMakeFiles/cmTC_982b0.dir/cpu_popcnt.cpp.o -MF CMakeFiles/cmTC_982b0.dir/cpu_popcnt.cpp.o.d -o CMakeFiles/cmTC_982b0.dir/cpu_popcnt.cpp.o -c /Users/salim/Desktop/PFE/M2/pfe-main/citrus-skins-main/cmake/opencv/cmake/checks/cpu_popcnt.cpp
/Users/salim/Desktop/PFE/M2/pfe-main/citrus-skins-main/cmake/opencv/cmake/checks/cpu_popcnt.cpp:14:4: error: "__POPCNT__ is not defined by compiler"
#  error "__POPCNT__ is not defined by compiler"
   ^
/Users/salim/Desktop/PFE/M2/pfe-main/citrus-skins-main/cmake/opencv/cmake/checks/cpu_popcnt.cpp:22:13: error: use of undeclared identifier 'CV_POPCNT_U32'
    int j = CV_POPCNT_U32(1);
            ^
2 errors generated.
make[1]: *** [CMakeFiles/cmTC_982b0.dir/cpu_popcnt.cpp.o] Error 1
make: *** [cmTC_982b0/fast] Error 2


===== END =====

Compilation failed:
    source file: '/Users/salim/Desktop/PFE/M2/pfe-main/citrus-skins-main/cmake/opencv/cmake/checks/cpu_sse42.cpp'
    check option: ''
===== BUILD LOG =====
Change Dir: '/Users/salim/Desktop/PFE/M2/pfe-main/citrus-skins-main/cmake/build_opencv/CMakeFiles/CMakeTmp'

Run Build Command(s): /Users/salim/Desktop/PFE/M2/3d-nii-visualizer/venv/lib/python3.9/site-packages/cmake/data/bin/cmake -E env VERBOSE=1 /usr/bin/make -f Makefile cmTC_b302f/fast
/Library/Developer/CommandLineTools/usr/bin/make  -f CMakeFiles/cmTC_b302f.dir/build.make CMakeFiles/cmTC_b302f.dir/build
Building CXX object CMakeFiles/cmTC_b302f.dir/cpu_sse42.cpp.o
/Library/Developer/CommandLineTools/usr/bin/c++   -O3 -DNDEBUG -std=c++11 -arch x86_64 -isysroot /Library/Developer/CommandLineTools/SDKs/MacOSX14.2.sdk -fPIE -MD -MT CMakeFiles/cmTC_b302f.dir/cpu_sse42.cpp.o -MF CMakeFiles/cmTC_b302f.dir/cpu_sse42.cpp.o.d -o CMakeFiles/cmTC_b302f.dir/cpu_sse42.cpp.o -c /Users/salim/Desktop/PFE/M2/pfe-main/citrus-skins-main/cmake/opencv/cmake/checks/cpu_sse42.cpp
/Users/salim/Desktop/PFE/M2/pfe-main/citrus-skins-main/cmake/opencv/cmake/checks/cpu_sse42.cpp:5:24: error: always_inline function '_mm_crc32_u8' requires target feature 'crc32', but would be inlined into function 'main' that is compiled without support for 'crc32'
    unsigned int res = _mm_crc32_u8(1, 2);
                       ^
1 error generated.
make[1]: *** [CMakeFiles/cmTC_b302f.dir/cpu_sse42.cpp.o] Error 1
make: *** [cmTC_b302f/fast] Error 2


===== END =====

Compilation failed:
    source file: '/Users/salim/Desktop/PFE/M2/pfe-main/citrus-skins-main/cmake/opencv/cmake/checks/cpu_fp16.cpp'
    check option: ''
===== BUILD LOG =====
Change Dir: '/Users/salim/Desktop/PFE/M2/pfe-main/citrus-skins-main/cmake/build_opencv/CMakeFiles/CMakeTmp'

Run Build Command(s): /Users/salim/Desktop/PFE/M2/3d-nii-visualizer/venv/lib/python3.9/site-packages/cmake/data/bin/cmake -E env VERBOSE=1 /usr/bin/make -f Makefile cmTC_e9e8d/fast
/Library/Developer/CommandLineTools/usr/bin/make  -f CMakeFiles/cmTC_e9e8d.dir/build.make CMakeFiles/cmTC_e9e8d.dir/build
Building CXX object CMakeFiles/cmTC_e9e8d.dir/cpu_fp16.cpp.o
/Library/Developer/CommandLineTools/usr/bin/c++   -O3 -DNDEBUG -std=c++11 -arch x86_64 -isysroot /Library/Developer/CommandLineTools/SDKs/MacOSX14.2.sdk -fPIE -MD -MT CMakeFiles/cmTC_e9e8d.dir/cpu_fp16.cpp.o -MF CMakeFiles/cmTC_e9e8d.dir/cpu_fp16.cpp.o.d -o CMakeFiles/cmTC_e9e8d.dir/cpu_fp16.cpp.o -c /Users/salim/Desktop/PFE/M2/pfe-main/citrus-skins-main/cmake/opencv/cmake/checks/cpu_fp16.cpp
/Users/salim/Desktop/PFE/M2/pfe-main/citrus-skins-main/cmake/opencv/cmake/checks/cpu_fp16.cpp:27:2: error: "FP16 is not supported"
#error "FP16 is not supported"
 ^
/Users/salim/Desktop/PFE/M2/pfe-main/citrus-skins-main/cmake/opencv/cmake/checks/cpu_fp16.cpp:32:18: error: use of undeclared identifier 'test'
  printf("%d\n", test());
                 ^
2 errors generated.
make[1]: *** [CMakeFiles/cmTC_e9e8d.dir/cpu_fp16.cpp.o] Error 1
make: *** [cmTC_e9e8d/fast] Error 2


===== END =====

Compilation failed:
    source file: '/Users/salim/Desktop/PFE/M2/pfe-main/citrus-skins-main/cmake/opencv/cmake/checks/cpu_avx.cpp'
    check option: ''
===== BUILD LOG =====
Change Dir: '/Users/salim/Desktop/PFE/M2/pfe-main/citrus-skins-main/cmake/build_opencv/CMakeFiles/CMakeTmp'

Run Build Command(s): /Users/salim/Desktop/PFE/M2/3d-nii-visualizer/venv/lib/python3.9/site-packages/cmake/data/bin/cmake -E env VERBOSE=1 /usr/bin/make -f Makefile cmTC_ed6d9/fast
/Library/Developer/CommandLineTools/usr/bin/make  -f CMakeFiles/cmTC_ed6d9.dir/build.make CMakeFiles/cmTC_ed6d9.dir/build
Building CXX object CMakeFiles/cmTC_ed6d9.dir/cpu_avx.cpp.o
/Library/Developer/CommandLineTools/usr/bin/c++   -O3 -DNDEBUG -std=c++11 -arch x86_64 -isysroot /Library/Developer/CommandLineTools/SDKs/MacOSX14.2.sdk -fPIE -MD -MT CMakeFiles/cmTC_ed6d9.dir/cpu_avx.cpp.o -MF CMakeFiles/cmTC_ed6d9.dir/cpu_avx.cpp.o.d -o CMakeFiles/cmTC_ed6d9.dir/cpu_avx.cpp.o -c /Users/salim/Desktop/PFE/M2/pfe-main/citrus-skins-main/cmake/opencv/cmake/checks/cpu_avx.cpp
/Users/salim/Desktop/PFE/M2/pfe-main/citrus-skins-main/cmake/opencv/cmake/checks/cpu_avx.cpp:2:2: error: "__AVX__ define is missing"
#error "__AVX__ define is missing"
 ^
1 error generated.
make[1]: *** [CMakeFiles/cmTC_ed6d9.dir/cpu_avx.cpp.o] Error 1
make: *** [cmTC_ed6d9/fast] Error 2


===== END =====

Compilation failed:
    source file: '/Users/salim/Desktop/PFE/M2/pfe-main/citrus-skins-main/cmake/opencv/cmake/checks/cpu_avx2.cpp'
    check option: ''
===== BUILD LOG =====
Change Dir: '/Users/salim/Desktop/PFE/M2/pfe-main/citrus-skins-main/cmake/build_opencv/CMakeFiles/CMakeTmp'

Run Build Command(s): /Users/salim/Desktop/PFE/M2/3d-nii-visualizer/venv/lib/python3.9/site-packages/cmake/data/bin/cmake -E env VERBOSE=1 /usr/bin/make -f Makefile cmTC_a1464/fast
/Library/Developer/CommandLineTools/usr/bin/make  -f CMakeFiles/cmTC_a1464.dir/build.make CMakeFiles/cmTC_a1464.dir/build
Building CXX object CMakeFiles/cmTC_a1464.dir/cpu_avx2.cpp.o
/Library/Developer/CommandLineTools/usr/bin/c++   -O3 -DNDEBUG -std=c++11 -arch x86_64 -isysroot /Library/Developer/CommandLineTools/SDKs/MacOSX14.2.sdk -fPIE -MD -MT CMakeFiles/cmTC_a1464.dir/cpu_avx2.cpp.o -MF CMakeFiles/cmTC_a1464.dir/cpu_avx2.cpp.o.d -o CMakeFiles/cmTC_a1464.dir/cpu_avx2.cpp.o -c /Users/salim/Desktop/PFE/M2/pfe-main/citrus-skins-main/cmake/opencv/cmake/checks/cpu_avx2.cpp
/Users/salim/Desktop/PFE/M2/pfe-main/citrus-skins-main/cmake/opencv/cmake/checks/cpu_avx2.cpp:2:2: error: "__AVX2__ define is missing"
#error "__AVX2__ define is missing"
 ^
1 error generated.
make[1]: *** [CMakeFiles/cmTC_a1464.dir/cpu_avx2.cpp.o] Error 1
make: *** [cmTC_a1464/fast] Error 2


===== END =====

Compilation failed:
    source file: '/Users/salim/Desktop/PFE/M2/pfe-main/citrus-skins-main/cmake/opencv/cmake/checks/cpu_avx512.cpp'
    check option: ''
===== BUILD LOG =====
Change Dir: '/Users/salim/Desktop/PFE/M2/pfe-main/citrus-skins-main/cmake/build_opencv/CMakeFiles/CMakeTmp'

Run Build Command(s): /Users/salim/Desktop/PFE/M2/3d-nii-visualizer/venv/lib/python3.9/site-packages/cmake/data/bin/cmake -E env VERBOSE=1 /usr/bin/make -f Makefile cmTC_3adf8/fast
/Library/Developer/CommandLineTools/usr/bin/make  -f CMakeFiles/cmTC_3adf8.dir/build.make CMakeFiles/cmTC_3adf8.dir/build
Building CXX object CMakeFiles/cmTC_3adf8.dir/cpu_avx512.cpp.o
/Library/Developer/CommandLineTools/usr/bin/c++   -O3 -DNDEBUG -std=c++11 -arch x86_64 -isysroot /Library/Developer/CommandLineTools/SDKs/MacOSX14.2.sdk -fPIE -MD -MT CMakeFiles/cmTC_3adf8.dir/cpu_avx512.cpp.o -MF CMakeFiles/cmTC_3adf8.dir/cpu_avx512.cpp.o.d -o CMakeFiles/cmTC_3adf8.dir/cpu_avx512.cpp.o -c /Users/salim/Desktop/PFE/M2/pfe-main/citrus-skins-main/cmake/opencv/cmake/checks/cpu_avx512.cpp
/Users/salim/Desktop/PFE/M2/pfe-main/citrus-skins-main/cmake/opencv/cmake/checks/cpu_avx512.cpp:11:2: error: "AVX512 is not supported"
#error "AVX512 is not supported"
 ^
1 error generated.
make[1]: *** [CMakeFiles/cmTC_3adf8.dir/cpu_avx512.cpp.o] Error 1
make: *** [cmTC_3adf8/fast] Error 2


===== END =====

Compilation failed:
    source file: '/Users/salim/Desktop/PFE/M2/pfe-main/citrus-skins-main/cmake/opencv/cmake/checks/cpu_avx512common.cpp'
    check option: ''
===== BUILD LOG =====
Change Dir: '/Users/salim/Desktop/PFE/M2/pfe-main/citrus-skins-main/cmake/build_opencv/CMakeFiles/CMakeTmp'

Run Build Command(s): /Users/salim/Desktop/PFE/M2/3d-nii-visualizer/venv/lib/python3.9/site-packages/cmake/data/bin/cmake -E env VERBOSE=1 /usr/bin/make -f Makefile cmTC_f0fc3/fast
/Library/Developer/CommandLineTools/usr/bin/make  -f CMakeFiles/cmTC_f0fc3.dir/build.make CMakeFiles/cmTC_f0fc3.dir/build
Building CXX object CMakeFiles/cmTC_f0fc3.dir/cpu_avx512common.cpp.o
/Library/Developer/CommandLineTools/usr/bin/c++   -O3 -DNDEBUG -std=c++11 -arch x86_64 -isysroot /Library/Developer/CommandLineTools/SDKs/MacOSX14.2.sdk -fPIE -MD -MT CMakeFiles/cmTC_f0fc3.dir/cpu_avx512common.cpp.o -MF CMakeFiles/cmTC_f0fc3.dir/cpu_avx512common.cpp.o.d -o CMakeFiles/cmTC_f0fc3.dir/cpu_avx512common.cpp.o -c /Users/salim/Desktop/PFE/M2/pfe-main/citrus-skins-main/cmake/opencv/cmake/checks/cpu_avx512common.cpp
/Users/salim/Desktop/PFE/M2/pfe-main/citrus-skins-main/cmake/opencv/cmake/checks/cpu_avx512common.cpp:12:2: error: "AVX512-COMMON is not supported"
#error "AVX512-COMMON is not supported"
 ^
1 error generated.
make[1]: *** [CMakeFiles/cmTC_f0fc3.dir/cpu_avx512common.cpp.o] Error 1
make: *** [cmTC_f0fc3/fast] Error 2


===== END =====

Compilation failed:
    source file: '/Users/salim/Desktop/PFE/M2/pfe-main/citrus-skins-main/cmake/opencv/cmake/checks/cpu_avx512knl.cpp'
    check option: ''
===== BUILD LOG =====
Change Dir: '/Users/salim/Desktop/PFE/M2/pfe-main/citrus-skins-main/cmake/build_opencv/CMakeFiles/CMakeTmp'

Run Build Command(s): /Users/salim/Desktop/PFE/M2/3d-nii-visualizer/venv/lib/python3.9/site-packages/cmake/data/bin/cmake -E env VERBOSE=1 /usr/bin/make -f Makefile cmTC_25b24/fast
/Library/Developer/CommandLineTools/usr/bin/make  -f CMakeFiles/cmTC_25b24.dir/build.make CMakeFiles/cmTC_25b24.dir/build
Building CXX object CMakeFiles/cmTC_25b24.dir/cpu_avx512knl.cpp.o
/Library/Developer/CommandLineTools/usr/bin/c++   -O3 -DNDEBUG -std=c++11 -arch x86_64 -isysroot /Library/Developer/CommandLineTools/SDKs/MacOSX14.2.sdk -fPIE -MD -MT CMakeFiles/cmTC_25b24.dir/cpu_avx512knl.cpp.o -MF CMakeFiles/cmTC_25b24.dir/cpu_avx512knl.cpp.o.d -o CMakeFiles/cmTC_25b24.dir/cpu_avx512knl.cpp.o -c /Users/salim/Desktop/PFE/M2/pfe-main/citrus-skins-main/cmake/opencv/cmake/checks/cpu_avx512knl.cpp
/Users/salim/Desktop/PFE/M2/pfe-main/citrus-skins-main/cmake/opencv/cmake/checks/cpu_avx512knl.cpp:14:2: error: "AVX512-KNL is not supported"
#error "AVX512-KNL is not supported"
 ^
1 error generated.
make[1]: *** [CMakeFiles/cmTC_25b24.dir/cpu_avx512knl.cpp.o] Error 1
make: *** [cmTC_25b24/fast] Error 2


===== END =====

Compilation failed:
    source file: '/Users/salim/Desktop/PFE/M2/pfe-main/citrus-skins-main/cmake/opencv/cmake/checks/cpu_avx512knm.cpp'
    check option: ''
===== BUILD LOG =====
Change Dir: '/Users/salim/Desktop/PFE/M2/pfe-main/citrus-skins-main/cmake/build_opencv/CMakeFiles/CMakeTmp'

Run Build Command(s): /Users/salim/Desktop/PFE/M2/3d-nii-visualizer/venv/lib/python3.9/site-packages/cmake/data/bin/cmake -E env VERBOSE=1 /usr/bin/make -f Makefile cmTC_06809/fast
/Library/Developer/CommandLineTools/usr/bin/make  -f CMakeFiles/cmTC_06809.dir/build.make CMakeFiles/cmTC_06809.dir/build
Building CXX object CMakeFiles/cmTC_06809.dir/cpu_avx512knm.cpp.o
/Library/Developer/CommandLineTools/usr/bin/c++   -O3 -DNDEBUG -std=c++11 -arch x86_64 -isysroot /Library/Developer/CommandLineTools/SDKs/MacOSX14.2.sdk -fPIE -MD -MT CMakeFiles/cmTC_06809.dir/cpu_avx512knm.cpp.o -MF CMakeFiles/cmTC_06809.dir/cpu_avx512knm.cpp.o.d -o CMakeFiles/cmTC_06809.dir/cpu_avx512knm.cpp.o -c /Users/salim/Desktop/PFE/M2/pfe-main/citrus-skins-main/cmake/opencv/cmake/checks/cpu_avx512knm.cpp
/Users/salim/Desktop/PFE/M2/pfe-main/citrus-skins-main/cmake/opencv/cmake/checks/cpu_avx512knm.cpp:15:2: error: "AVX512-KNM is not supported"
#error "AVX512-KNM is not supported"
 ^
1 error generated.
make[1]: *** [CMakeFiles/cmTC_06809.dir/cpu_avx512knm.cpp.o] Error 1
make: *** [cmTC_06809/fast] Error 2


===== END =====

Compilation failed:
    source file: '/Users/salim/Desktop/PFE/M2/pfe-main/citrus-skins-main/cmake/opencv/cmake/checks/cpu_avx512knm.cpp'
    check option: ' -mavx512f -mavx512cd -mavx512er -mavx512pf -mavx5124fmaps -mavx5124vnniw -mavx512vpopcntdq'
===== BUILD LOG =====
Change Dir: '/Users/salim/Desktop/PFE/M2/pfe-main/citrus-skins-main/cmake/build_opencv/CMakeFiles/CMakeTmp'

Run Build Command(s): /Users/salim/Desktop/PFE/M2/3d-nii-visualizer/venv/lib/python3.9/site-packages/cmake/data/bin/cmake -E env VERBOSE=1 /usr/bin/make -f Makefile cmTC_d25a4/fast
/Library/Developer/CommandLineTools/usr/bin/make  -f CMakeFiles/cmTC_d25a4.dir/build.make CMakeFiles/cmTC_d25a4.dir/build
Building CXX object CMakeFiles/cmTC_d25a4.dir/cpu_avx512knm.cpp.o
/Library/Developer/CommandLineTools/usr/bin/c++   -O3 -DNDEBUG -std=c++11 -arch x86_64 -isysroot /Library/Developer/CommandLineTools/SDKs/MacOSX14.2.sdk -fPIE    -mavx512f -mavx512cd -mavx512er -mavx512pf -mavx5124fmaps -mavx5124vnniw -mavx512vpopcntdq -MD -MT CMakeFiles/cmTC_d25a4.dir/cpu_avx512knm.cpp.o -MF CMakeFiles/cmTC_d25a4.dir/cpu_avx512knm.cpp.o.d -o CMakeFiles/cmTC_d25a4.dir/cpu_avx512knm.cpp.o -c /Users/salim/Desktop/PFE/M2/pfe-main/citrus-skins-main/cmake/opencv/cmake/checks/cpu_avx512knm.cpp
clang: error: unknown argument: '-mavx5124fmaps'
clang: error: unknown argument: '-mavx5124vnniw'
make[1]: *** [CMakeFiles/cmTC_d25a4.dir/cpu_avx512knm.cpp.o] Error 1
make: *** [cmTC_d25a4/fast] Error 2


===== END =====

Compilation failed:
    source file: '/Users/salim/Desktop/PFE/M2/pfe-main/citrus-skins-main/cmake/opencv/cmake/checks/cpu_avx512skx.cpp'
    check option: ''
===== BUILD LOG =====
Change Dir: '/Users/salim/Desktop/PFE/M2/pfe-main/citrus-skins-main/cmake/build_opencv/CMakeFiles/CMakeTmp'

Run Build Command(s): /Users/salim/Desktop/PFE/M2/3d-nii-visualizer/venv/lib/python3.9/site-packages/cmake/data/bin/cmake -E env VERBOSE=1 /usr/bin/make -f Makefile cmTC_1ee1b/fast
/Library/Developer/CommandLineTools/usr/bin/make  -f CMakeFiles/cmTC_1ee1b.dir/build.make CMakeFiles/cmTC_1ee1b.dir/build
Building CXX object CMakeFiles/cmTC_1ee1b.dir/cpu_avx512skx.cpp.o
/Library/Developer/CommandLineTools/usr/bin/c++   -O3 -DNDEBUG -std=c++11 -arch x86_64 -isysroot /Library/Developer/CommandLineTools/SDKs/MacOSX14.2.sdk -fPIE -MD -MT CMakeFiles/cmTC_1ee1b.dir/cpu_avx512skx.cpp.o -MF CMakeFiles/cmTC_1ee1b.dir/cpu_avx512skx.cpp.o.d -o CMakeFiles/cmTC_1ee1b.dir/cpu_avx512skx.cpp.o -c /Users/salim/Desktop/PFE/M2/pfe-main/citrus-skins-main/cmake/opencv/cmake/checks/cpu_avx512skx.cpp
/Users/salim/Desktop/PFE/M2/pfe-main/citrus-skins-main/cmake/opencv/cmake/checks/cpu_avx512skx.cpp:30:2: error: "AVX512-SKX is not supported"
#error "AVX512-SKX is not supported"
 ^
1 error generated.
make[1]: *** [CMakeFiles/cmTC_1ee1b.dir/cpu_avx512skx.cpp.o] Error 1
make: *** [cmTC_1ee1b/fast] Error 2


===== END =====

Compilation failed:
    source file: '/Users/salim/Desktop/PFE/M2/pfe-main/citrus-skins-main/cmake/opencv/cmake/checks/cpu_avx512cnl.cpp'
    check option: ''
===== BUILD LOG =====
Change Dir: '/Users/salim/Desktop/PFE/M2/pfe-main/citrus-skins-main/cmake/build_opencv/CMakeFiles/CMakeTmp'

Run Build Command(s): /Users/salim/Desktop/PFE/M2/3d-nii-visualizer/venv/lib/python3.9/site-packages/cmake/data/bin/cmake -E env VERBOSE=1 /usr/bin/make -f Makefile cmTC_2f284/fast
/Library/Developer/CommandLineTools/usr/bin/make  -f CMakeFiles/cmTC_2f284.dir/build.make CMakeFiles/cmTC_2f284.dir/build
Building CXX object CMakeFiles/cmTC_2f284.dir/cpu_avx512cnl.cpp.o
/Library/Developer/CommandLineTools/usr/bin/c++   -O3 -DNDEBUG -std=c++11 -arch x86_64 -isysroot /Library/Developer/CommandLineTools/SDKs/MacOSX14.2.sdk -fPIE -MD -MT CMakeFiles/cmTC_2f284.dir/cpu_avx512cnl.cpp.o -MF CMakeFiles/cmTC_2f284.dir/cpu_avx512cnl.cpp.o.d -o CMakeFiles/cmTC_2f284.dir/cpu_avx512cnl.cpp.o -c /Users/salim/Desktop/PFE/M2/pfe-main/citrus-skins-main/cmake/opencv/cmake/checks/cpu_avx512cnl.cpp
/Users/salim/Desktop/PFE/M2/pfe-main/citrus-skins-main/cmake/opencv/cmake/checks/cpu_avx512cnl.cpp:10:2: error: "AVX512-CNL is not supported"
#error "AVX512-CNL is not supported"
 ^
1 error generated.
make[1]: *** [CMakeFiles/cmTC_2f284.dir/cpu_avx512cnl.cpp.o] Error 1
make: *** [cmTC_2f284/fast] Error 2


===== END =====

Compilation failed:
    source file: '/Users/salim/Desktop/PFE/M2/pfe-main/citrus-skins-main/cmake/opencv/cmake/checks/cpu_avx512clx.cpp'
    check option: ''
===== BUILD LOG =====
Change Dir: '/Users/salim/Desktop/PFE/M2/pfe-main/citrus-skins-main/cmake/build_opencv/CMakeFiles/CMakeTmp'

Run Build Command(s): /Users/salim/Desktop/PFE/M2/3d-nii-visualizer/venv/lib/python3.9/site-packages/cmake/data/bin/cmake -E env VERBOSE=1 /usr/bin/make -f Makefile cmTC_ece61/fast
/Library/Developer/CommandLineTools/usr/bin/make  -f CMakeFiles/cmTC_ece61.dir/build.make CMakeFiles/cmTC_ece61.dir/build
Building CXX object CMakeFiles/cmTC_ece61.dir/cpu_avx512clx.cpp.o
/Library/Developer/CommandLineTools/usr/bin/c++   -O3 -DNDEBUG -std=c++11 -arch x86_64 -isysroot /Library/Developer/CommandLineTools/SDKs/MacOSX14.2.sdk -fPIE -MD -MT CMakeFiles/cmTC_ece61.dir/cpu_avx512clx.cpp.o -MF CMakeFiles/cmTC_ece61.dir/cpu_avx512clx.cpp.o.d -o CMakeFiles/cmTC_ece61.dir/cpu_avx512clx.cpp.o -c /Users/salim/Desktop/PFE/M2/pfe-main/citrus-skins-main/cmake/opencv/cmake/checks/cpu_avx512clx.cpp
/Users/salim/Desktop/PFE/M2/pfe-main/citrus-skins-main/cmake/opencv/cmake/checks/cpu_avx512clx.cpp:9:2: error: "AVX512-CLX is not supported"
#error "AVX512-CLX is not supported"
 ^
1 error generated.
make[1]: *** [CMakeFiles/cmTC_ece61.dir/cpu_avx512clx.cpp.o] Error 1
make: *** [cmTC_ece61/fast] Error 2


===== END =====

Compilation failed:
    source file: '/Users/salim/Desktop/PFE/M2/pfe-main/citrus-skins-main/cmake/opencv/cmake/checks/cpu_avx512icl.cpp'
    check option: ''
===== BUILD LOG =====
Change Dir: '/Users/salim/Desktop/PFE/M2/pfe-main/citrus-skins-main/cmake/build_opencv/CMakeFiles/CMakeTmp'

Run Build Command(s): /Users/salim/Desktop/PFE/M2/3d-nii-visualizer/venv/lib/python3.9/site-packages/cmake/data/bin/cmake -E env VERBOSE=1 /usr/bin/make -f Makefile cmTC_9fe9a/fast
/Library/Developer/CommandLineTools/usr/bin/make  -f CMakeFiles/cmTC_9fe9a.dir/build.make CMakeFiles/cmTC_9fe9a.dir/build
Building CXX object CMakeFiles/cmTC_9fe9a.dir/cpu_avx512icl.cpp.o
/Library/Developer/CommandLineTools/usr/bin/c++   -O3 -DNDEBUG -std=c++11 -arch x86_64 -isysroot /Library/Developer/CommandLineTools/SDKs/MacOSX14.2.sdk -fPIE -MD -MT CMakeFiles/cmTC_9fe9a.dir/cpu_avx512icl.cpp.o -MF CMakeFiles/cmTC_9fe9a.dir/cpu_avx512icl.cpp.o.d -o CMakeFiles/cmTC_9fe9a.dir/cpu_avx512icl.cpp.o -c /Users/salim/Desktop/PFE/M2/pfe-main/citrus-skins-main/cmake/opencv/cmake/checks/cpu_avx512icl.cpp
/Users/salim/Desktop/PFE/M2/pfe-main/citrus-skins-main/cmake/opencv/cmake/checks/cpu_avx512icl.cpp:12:2: error: "AVX512-ICL is not supported"
#error "AVX512-ICL is not supported"
 ^
1 error generated.
make[1]: *** [CMakeFiles/cmTC_9fe9a.dir/cpu_avx512icl.cpp.o] Error 1
make: *** [cmTC_9fe9a/fast] Error 2


===== END =====

Compilation failed:
    source file: '/Users/salim/Desktop/PFE/M2/pfe-main/citrus-skins-main/cmake/build_opencv/CMakeFiles/CMakeTmp/src.cxx'
    check option: ''
===== BUILD LOG =====
Change Dir: '/Users/salim/Desktop/PFE/M2/pfe-main/citrus-skins-main/cmake/build_opencv/CMakeFiles/CMakeTmp'

Run Build Command(s): /Users/salim/Desktop/PFE/M2/3d-nii-visualizer/venv/lib/python3.9/site-packages/cmake/data/bin/cmake -E env VERBOSE=1 /usr/bin/make -f Makefile cmTC_b08d8/fast
/Library/Developer/CommandLineTools/usr/bin/make  -f CMakeFiles/cmTC_b08d8.dir/build.make CMakeFiles/cmTC_b08d8.dir/build
Building CXX object CMakeFiles/cmTC_b08d8.dir/src.cxx.o
/Library/Developer/CommandLineTools/usr/bin/c++   -O3 -DNDEBUG -std=c++11 -arch x86_64 -isysroot /Library/Developer/CommandLineTools/SDKs/MacOSX14.2.sdk -fPIE -MD -MT CMakeFiles/cmTC_b08d8.dir/src.cxx.o -MF CMakeFiles/cmTC_b08d8.dir/src.cxx.o.d -o CMakeFiles/cmTC_b08d8.dir/src.cxx.o -c /Users/salim/Desktop/PFE/M2/pfe-main/citrus-skins-main/cmake/build_opencv/CMakeFiles/CMakeTmp/src.cxx
Linking CXX executable cmTC_b08d8
/Users/salim/Desktop/PFE/M2/3d-nii-visualizer/venv/lib/python3.9/site-packages/cmake/data/bin/cmake -E cmake_link_script CMakeFiles/cmTC_b08d8.dir/link.txt --verbose=1
/Library/Developer/CommandLineTools/usr/bin/c++ -O3 -DNDEBUG -arch x86_64 -isysroot /Library/Developer/CommandLineTools/SDKs/MacOSX14.2.sdk -Wl,-search_paths_first -Wl,-headerpad_max_install_names  -Wl,--as-needed  CMakeFiles/cmTC_b08d8.dir/src.cxx.o -o cmTC_b08d8 
ld: unknown options: --as-needed 
clang: error: linker command failed with exit code 1 (use -v to see invocation)
make[1]: *** [cmTC_b08d8] Error 1
make: *** [cmTC_b08d8/fast] Error 2


===== END =====

Compilation failed:
    source file: '/Users/salim/Desktop/PFE/M2/pfe-main/citrus-skins-main/cmake/build_opencv/CMakeFiles/CMakeTmp/src.cxx'
    check option: ''
===== BUILD LOG =====
Change Dir: '/Users/salim/Desktop/PFE/M2/pfe-main/citrus-skins-main/cmake/build_opencv/CMakeFiles/CMakeTmp'

Run Build Command(s): /Users/salim/Desktop/PFE/M2/3d-nii-visualizer/venv/lib/python3.9/site-packages/cmake/data/bin/cmake -E env VERBOSE=1 /usr/bin/make -f Makefile cmTC_0bb7d/fast
/Library/Developer/CommandLineTools/usr/bin/make  -f CMakeFiles/cmTC_0bb7d.dir/build.make CMakeFiles/cmTC_0bb7d.dir/build
Building CXX object CMakeFiles/cmTC_0bb7d.dir/src.cxx.o
/Library/Developer/CommandLineTools/usr/bin/c++   -O3 -DNDEBUG -std=c++11 -arch x86_64 -isysroot /Library/Developer/CommandLineTools/SDKs/MacOSX14.2.sdk -fPIE -MD -MT CMakeFiles/cmTC_0bb7d.dir/src.cxx.o -MF CMakeFiles/cmTC_0bb7d.dir/src.cxx.o.d -o CMakeFiles/cmTC_0bb7d.dir/src.cxx.o -c /Users/salim/Desktop/PFE/M2/pfe-main/citrus-skins-main/cmake/build_opencv/CMakeFiles/CMakeTmp/src.cxx
Linking CXX executable cmTC_0bb7d
/Users/salim/Desktop/PFE/M2/3d-nii-visualizer/venv/lib/python3.9/site-packages/cmake/data/bin/cmake -E cmake_link_script CMakeFiles/cmTC_0bb7d.dir/link.txt --verbose=1
/Library/Developer/CommandLineTools/usr/bin/c++ -O3 -DNDEBUG -arch x86_64 -isysroot /Library/Developer/CommandLineTools/SDKs/MacOSX14.2.sdk -Wl,-search_paths_first -Wl,-headerpad_max_install_names  -Wl,--no-undefined  CMakeFiles/cmTC_0bb7d.dir/src.cxx.o -o cmTC_0bb7d 
ld: unknown options: --no-undefined 
clang: error: linker command failed with exit code 1 (use -v to see invocation)
make[1]: *** [cmTC_0bb7d] Error 1
make: *** [cmTC_0bb7d/fast] Error 2


===== END =====

Build output check failed:
    Regex: 'unknown .*option'
    Output line: 'warning: unknown warning option '-Wno-maybe-uninitialized', did you mean '-Wno-uninitialized'? [-Wunknown-warning-option]'
Compilation failed:
    source file: '/Users/salim/Desktop/PFE/M2/pfe-main/citrus-skins-main/cmake/build_opencv/CMakeFiles/CMakeTmp/src.c'
    check option: ' -Wno-maybe-uninitialized'
===== BUILD LOG =====
Change Dir: '/Users/salim/Desktop/PFE/M2/pfe-main/citrus-skins-main/cmake/build_opencv/CMakeFiles/CMakeTmp'

Run Build Command(s): /Users/salim/Desktop/PFE/M2/3d-nii-visualizer/venv/lib/python3.9/site-packages/cmake/data/bin/cmake -E env VERBOSE=1 /usr/bin/make -f Makefile cmTC_bf286/fast
/Library/Developer/CommandLineTools/usr/bin/make  -f CMakeFiles/cmTC_bf286.dir/build.make CMakeFiles/cmTC_bf286.dir/build
Building C object CMakeFiles/cmTC_bf286.dir/src.c.o
/Library/Developer/CommandLineTools/usr/bin/cc   -fsigned-char -W -Wall -Wreturn-type -Wnon-virtual-dtor -Waddress -Wsequence-point -Wformat -Wformat-security -Wstrict-prototypes -Winit-self -Wpointer-arith -Wsign-promo -Wuninitialized -Wno-delete-non-virtual-dtor -Wno-unnamed-type-template-args -Wno-comment -fdiagnostics-show-option -Wno-long-long -Qunused-arguments -Wno-semicolon-before-method-body -ffunction-sections -fdata-sections  -fvisibility=hidden -fvisibility-inlines-hidden -Wno-unused-but-set-variable -Wno-missing-prototypes -Wno-missing-declarations -Wno-undef -Wno-unused -Wno-sign-compare -Wno-cast-align -Wno-shadow  -O3 -DNDEBUG  -DNDEBUG -arch x86_64 -isysroot /Library/Developer/CommandLineTools/SDKs/MacOSX14.2.sdk -fPIE    -Wno-maybe-uninitialized -MD -MT CMakeFiles/cmTC_bf286.dir/src.c.o -MF CMakeFiles/cmTC_bf286.dir/src.c.o.d -o CMakeFiles/cmTC_bf286.dir/src.c.o -c /Users/salim/Desktop/PFE/M2/pfe-main/citrus-skins-main/cmake/build_opencv/CMakeFiles/CMakeTmp/src.c
warning: unknown warning option '-Wno-maybe-uninitialized'; did you mean '-Wno-uninitialized'? [-Wunknown-warning-option]
/Users/salim/Desktop/PFE/M2/pfe-main/citrus-skins-main/cmake/build_opencv/CMakeFiles/CMakeTmp/src.c:1:8: warning: unknown pragma ignored [-Wunknown-pragmas]
#pragma
       ^
2 warnings generated.
Linking C executable cmTC_bf286
/Users/salim/Desktop/PFE/M2/3d-nii-visualizer/venv/lib/python3.9/site-packages/cmake/data/bin/cmake -E cmake_link_script CMakeFiles/cmTC_bf286.dir/link.txt --verbose=1
/Library/Developer/CommandLineTools/usr/bin/cc    -fsigned-char -W -Wall -Wreturn-type -Wnon-virtual-dtor -Waddress -Wsequence-point -Wformat -Wformat-security -Wstrict-prototypes -Winit-self -Wpointer-arith -Wsign-promo -Wuninitialized -Wno-delete-non-virtual-dtor -Wno-unnamed-type-template-args -Wno-comment -fdiagnostics-show-option -Wno-long-long -Qunused-arguments -Wno-semicolon-before-method-body -ffunction-sections -fdata-sections  -fvisibility=hidden -fvisibility-inlines-hidden -Wno-unused-but-set-variable -Wno-missing-prototypes -Wno-missing-declarations -Wno-undef -Wno-unused -Wno-sign-compare -Wno-cast-align -Wno-shadow  -O3 -DNDEBUG  -DNDEBUG -arch x86_64 -isysroot /Library/Developer/CommandLineTools/SDKs/MacOSX14.2.sdk -Wl,-search_paths_first -Wl,-headerpad_max_install_names   -Wl,-dead_strip  CMakeFiles/cmTC_bf286.dir/src.c.o -o cmTC_bf286 


===== END =====

Build output check failed:
    Regex: 'unknown .*option'
    Output line: 'warning: unknown warning option '-Wno-stringop-overflow', did you mean '-Wno-shift-overflow'? [-Wunknown-warning-option]'
Compilation failed:
    source file: '/Users/salim/Desktop/PFE/M2/pfe-main/citrus-skins-main/cmake/build_opencv/CMakeFiles/CMakeTmp/src.cxx'
    check option: ' -Wno-stringop-overflow'
===== BUILD LOG =====
Change Dir: '/Users/salim/Desktop/PFE/M2/pfe-main/citrus-skins-main/cmake/build_opencv/CMakeFiles/CMakeTmp'

Run Build Command(s): /Users/salim/Desktop/PFE/M2/3d-nii-visualizer/venv/lib/python3.9/site-packages/cmake/data/bin/cmake -E env VERBOSE=1 /usr/bin/make -f Makefile cmTC_c99f5/fast
/Library/Developer/CommandLineTools/usr/bin/make  -f CMakeFiles/cmTC_c99f5.dir/build.make CMakeFiles/cmTC_c99f5.dir/build
Building CXX object CMakeFiles/cmTC_c99f5.dir/src.cxx.o
/Library/Developer/CommandLineTools/usr/bin/c++   -fsigned-char -W -Wall -Wreturn-type -Wnon-virtual-dtor -Waddress -Wsequence-point -Wformat -Wformat-security -Wstrict-prototypes -Winit-self -Wpointer-arith -Wuninitialized -Wno-delete-non-virtual-dtor -Wno-unnamed-type-template-args -Wno-comment -fdiagnostics-show-option -Wno-long-long -Qunused-arguments -Wno-semicolon-before-method-body -ffunction-sections -fdata-sections  -fvisibility=hidden -fvisibility-inlines-hidden -Wno-deprecated -Wno-missing-prototypes -Wno-missing-declarations -Wno-shadow -Wno-unused-parameter -Wno-unused-local-typedefs -Wno-sign-compare -Wno-sign-promo -Wno-undef -Wno-tautological-undefined-compare -Wno-ignored-qualifiers -Wno-extra -Wno-unused-function -Wno-unused-const-variable -Wno-shorten-64-to-32 -Wno-invalid-offsetof -Wno-enum-compare-switch -Wno-suggest-override -Wno-inconsistent-missing-override -Wno-implicit-fallthrough -Wno-array-bounds  -O3 -DNDEBUG  -DNDEBUG -std=c++11 -arch x86_64 -isysroot /Library/Developer/CommandLineTools/SDKs/MacOSX14.2.sdk -fPIE    -Wno-stringop-overflow -MD -MT CMakeFiles/cmTC_c99f5.dir/src.cxx.o -MF CMakeFiles/cmTC_c99f5.dir/src.cxx.o.d -o CMakeFiles/cmTC_c99f5.dir/src.cxx.o -c /Users/salim/Desktop/PFE/M2/pfe-main/citrus-skins-main/cmake/build_opencv/CMakeFiles/CMakeTmp/src.cxx
warning: unknown warning option '-Wno-stringop-overflow'; did you mean '-Wno-shift-overflow'? [-Wunknown-warning-option]
/Users/salim/Desktop/PFE/M2/pfe-main/citrus-skins-main/cmake/build_opencv/CMakeFiles/CMakeTmp/src.cxx:1:8: warning: unknown pragma ignored [-Wunknown-pragmas]
#pragma
       ^
2 warnings generated.
Linking CXX executable cmTC_c99f5
/Users/salim/Desktop/PFE/M2/3d-nii-visualizer/venv/lib/python3.9/site-packages/cmake/data/bin/cmake -E cmake_link_script CMakeFiles/cmTC_c99f5.dir/link.txt --verbose=1
/Library/Developer/CommandLineTools/usr/bin/c++    -fsigned-char -W -Wall -Wreturn-type -Wnon-virtual-dtor -Waddress -Wsequence-point -Wformat -Wformat-security -Wstrict-prototypes -Winit-self -Wpointer-arith -Wuninitialized -Wno-delete-non-virtual-dtor -Wno-unnamed-type-template-args -Wno-comment -fdiagnostics-show-option -Wno-long-long -Qunused-arguments -Wno-semicolon-before-method-body -ffunction-sections -fdata-sections  -fvisibility=hidden -fvisibility-inlines-hidden -Wno-deprecated -Wno-missing-prototypes -Wno-missing-declarations -Wno-shadow -Wno-unused-parameter -Wno-unused-local-typedefs -Wno-sign-compare -Wno-sign-promo -Wno-undef -Wno-tautological-undefined-compare -Wno-ignored-qualifiers -Wno-extra -Wno-unused-function -Wno-unused-const-variable -Wno-shorten-64-to-32 -Wno-invalid-offsetof -Wno-enum-compare-switch -Wno-suggest-override -Wno-inconsistent-missing-override -Wno-implicit-fallthrough -Wno-array-bounds  -O3 -DNDEBUG  -DNDEBUG -arch x86_64 -isysroot /Library/Developer/CommandLineTools/SDKs/MacOSX14.2.sdk -Wl,-search_paths_first -Wl,-headerpad_max_install_names   -Wl,-dead_strip  CMakeFiles/cmTC_c99f5.dir/src.cxx.o -o cmTC_c99f5 


===== END =====

Build output check failed:
    Regex: 'unknown .*option'
    Output line: 'warning: unknown warning option '-Wno-stringop-overread' [-Wunknown-warning-option]'
Compilation failed:
    source file: '/Users/salim/Desktop/PFE/M2/pfe-main/citrus-skins-main/cmake/build_opencv/CMakeFiles/CMakeTmp/src.cxx'
    check option: ' -Wno-stringop-overread'
===== BUILD LOG =====
Change Dir: '/Users/salim/Desktop/PFE/M2/pfe-main/citrus-skins-main/cmake/build_opencv/CMakeFiles/CMakeTmp'

Run Build Command(s): /Users/salim/Desktop/PFE/M2/3d-nii-visualizer/venv/lib/python3.9/site-packages/cmake/data/bin/cmake -E env VERBOSE=1 /usr/bin/make -f Makefile cmTC_04ace/fast
/Library/Developer/CommandLineTools/usr/bin/make  -f CMakeFiles/cmTC_04ace.dir/build.make CMakeFiles/cmTC_04ace.dir/build
Building CXX object CMakeFiles/cmTC_04ace.dir/src.cxx.o
/Library/Developer/CommandLineTools/usr/bin/c++   -fsigned-char -W -Wall -Wreturn-type -Wnon-virtual-dtor -Waddress -Wsequence-point -Wformat -Wformat-security -Wstrict-prototypes -Winit-self -Wpointer-arith -Wuninitialized -Wno-delete-non-virtual-dtor -Wno-unnamed-type-template-args -Wno-comment -fdiagnostics-show-option -Wno-long-long -Qunused-arguments -Wno-semicolon-before-method-body -ffunction-sections -fdata-sections  -fvisibility=hidden -fvisibility-inlines-hidden -Wno-deprecated -Wno-missing-prototypes -Wno-missing-declarations -Wno-shadow -Wno-unused-parameter -Wno-unused-local-typedefs -Wno-sign-compare -Wno-sign-promo -Wno-undef -Wno-tautological-undefined-compare -Wno-ignored-qualifiers -Wno-extra -Wno-unused-function -Wno-unused-const-variable -Wno-shorten-64-to-32 -Wno-invalid-offsetof -Wno-enum-compare-switch -Wno-suggest-override -Wno-inconsistent-missing-override -Wno-implicit-fallthrough -Wno-array-bounds  -O3 -DNDEBUG  -DNDEBUG -std=c++11 -arch x86_64 -isysroot /Library/Developer/CommandLineTools/SDKs/MacOSX14.2.sdk -fPIE    -Wno-stringop-overread -MD -MT CMakeFiles/cmTC_04ace.dir/src.cxx.o -MF CMakeFiles/cmTC_04ace.dir/src.cxx.o.d -o CMakeFiles/cmTC_04ace.dir/src.cxx.o -c /Users/salim/Desktop/PFE/M2/pfe-main/citrus-skins-main/cmake/build_opencv/CMakeFiles/CMakeTmp/src.cxx
warning: unknown warning option '-Wno-stringop-overread' [-Wunknown-warning-option]
/Users/salim/Desktop/PFE/M2/pfe-main/citrus-skins-main/cmake/build_opencv/CMakeFiles/CMakeTmp/src.cxx:1:8: warning: unknown pragma ignored [-Wunknown-pragmas]
#pragma
       ^
2 warnings generated.
Linking CXX executable cmTC_04ace
/Users/salim/Desktop/PFE/M2/3d-nii-visualizer/venv/lib/python3.9/site-packages/cmake/data/bin/cmake -E cmake_link_script CMakeFiles/cmTC_04ace.dir/link.txt --verbose=1
/Library/Developer/CommandLineTools/usr/bin/c++    -fsigned-char -W -Wall -Wreturn-type -Wnon-virtual-dtor -Waddress -Wsequence-point -Wformat -Wformat-security -Wstrict-prototypes -Winit-self -Wpointer-arith -Wuninitialized -Wno-delete-non-virtual-dtor -Wno-unnamed-type-template-args -Wno-comment -fdiagnostics-show-option -Wno-long-long -Qunused-arguments -Wno-semicolon-before-method-body -ffunction-sections -fdata-sections  -fvisibility=hidden -fvisibility-inlines-hidden -Wno-deprecated -Wno-missing-prototypes -Wno-missing-declarations -Wno-shadow -Wno-unused-parameter -Wno-unused-local-typedefs -Wno-sign-compare -Wno-sign-promo -Wno-undef -Wno-tautological-undefined-compare -Wno-ignored-qualifiers -Wno-extra -Wno-unused-function -Wno-unused-const-variable -Wno-shorten-64-to-32 -Wno-invalid-offsetof -Wno-enum-compare-switch -Wno-suggest-override -Wno-inconsistent-missing-override -Wno-implicit-fallthrough -Wno-array-bounds  -O3 -DNDEBUG  -DNDEBUG -arch x86_64 -isysroot /Library/Developer/CommandLineTools/SDKs/MacOSX14.2.sdk -Wl,-search_paths_first -Wl,-headerpad_max_install_names   -Wl,-dead_strip  CMakeFiles/cmTC_04ace.dir/src.cxx.o -o cmTC_04ace 


===== END =====

